
--- Job assign q10.gms Start 11/29/23 10:41:49 45.1.0 88bbff72 WEX-WEI x86 64bit/MS Windows
--- Applying:
    C:\GAMS\45\gmsprmNT.txt
--- GAMS Parameters defined
    Input "C:\Users\nourh\OneDrive\Documents\GAMS\Studio\workspace\assign q10.gms"
    PageSize 0
    ScrDir C:\Users\nourh\OneDrive\Documents\GAMS\Studio\workspace\225a\
    SysDir C:\GAMS\45\
    LogOption 3
    ErrMsg 1
    ErrorLog 99
    IDE 1
    LstTitleLeftAligned 1
Licensee: GAMS Demo, for EULA and demo limitations see   G230930/0001CB-GEN
          https://www.gams.com/latest/docs/UG%5FLicense.html         DC0000
          C:\GAMS\45\gamslice.txt
          Demo license for demonstration and instructional purposes only
Processor information: 1 socket(s), 8 core(s), and 16 thread(s) available
GAMS 45.1.0   Copyright (C) 1987-2023 GAMS Development. All rights reserved
--- Starting compilation
--- assign q10.gms(32) 3 Mb 2 Errors
*** Error  66 in C:\Users\nourh\OneDrive\Documents\GAMS\Studio\workspace\assign q10.gms
    The symbol shown has not been defined or assigned
       A wild shot: You may have spurious commas in the explanatory
       text of a declaration. Check symbol reference list.
*** Error 256 in C:\Users\nourh\OneDrive\Documents\GAMS\Studio\workspace\assign q10.gms
    Error(s) in analyzing solve statement.
*** The following MIP errors were detected in model ConvertVector:
     66 equation ConversionCondition1.. symbol "A" has no values assigned
--- assign q10.gms(33) 3 Mb 2 Errors
*** Status: Compilation error(s)
--- Job assign q10.gms Stop 11/29/23 10:41:49 elapsed 0:00:00.000
