
--- Job new2.gms Start 10/30/23 15:47:39 45.1.0 88bbff72 WEX-WEI x86 64bit/MS Windows
--- Applying:
    C:\GAMS\45\gmsprmNT.txt
--- GAMS Parameters defined
    Input "C:\Users\nourh\OneDrive\Documents\GAMS\Studio\workspace\2nd lab ex2\new2.gms"
    PageSize 0
    ScrDir "C:\Users\nourh\OneDrive\Documents\GAMS\Studio\workspace\2nd lab ex2\225a\"
    SysDir C:\GAMS\45\
    LogOption 3
    ErrMsg 1
    ErrorLog 99
    IDE 1
    LstTitleLeftAligned 1
Licensee: GAMS Demo, for EULA and demo limitations see   G230930/0001CB-GEN
          https://www.gams.com/latest/docs/UG%5FLicense.html         DC0000
          C:\GAMS\45\gamslice.txt
          Demo license for demonstration and instructional purposes only
Processor information: 1 socket(s), 8 core(s), and 16 thread(s) available
GAMS 45.1.0   Copyright (C) 1987-2023 GAMS Development. All rights reserved
--- Starting compilation
--- new2.gms(23) 3 Mb
--- Starting execution - empty program
*** Status: Normal completion
--- Job new2.gms Stop 10/30/23 15:47:39 elapsed 0:00:00.022
